<?xml version="1.0" encoding="UTF-8"?>
<!-- Generated by org.testng.reporters.JUnitReportReporter -->
<testsuite skipped="0" hostname="Kaluaracchi" name="DayOne.XMLReadClass" tests="1" failures="0" timestamp="16 Jan 2019 10:54:05 GMT" time="6.346" errors="0">
  <testcase name="testSearch" time="6.346" classname="DayOne.XMLReadClass"/>
</testsuite> <!-- DayOne.XMLReadClass -->
