<?xml version="1.0" encoding="UTF-8"?>
<!-- Generated by org.testng.reporters.JUnitReportReporter -->
<testsuite skipped="0" hostname="Kaluaracchi" name="DayOne.TestClass" tests="1" failures="0" timestamp="13 Jan 2019 13:25:56 GMT" time="26.963" errors="0">
  <testcase name="testSearch" time="26.963" classname="DayOne.TestClass"/>
</testsuite> <!-- DayOne.TestClass -->
